<?xml version="1.0" encoding="UTF-8"?>
<testng-results ignored="0" total="1" passed="1" failed="0" skipped="0">
  <reporter-output>
  </reporter-output>
  <suite started-at="2025-02-01T02:07:27 IST" name="Master Suite" finished-at="2025-02-01T02:07:39 IST" duration-ms="12087">
    <groups>
      <group name="sanity">
        <method signature="TC2_LoginTest.verify_login()[pri:0, instance:testCases.TC2_LoginTest@d3957fe]" name="verify_login" class="testCases.TC2_LoginTest"/>
      </group> <!-- sanity -->
      <group name="master">
        <method signature="TC2_LoginTest.verify_login()[pri:0, instance:testCases.TC2_LoginTest@d3957fe]" name="verify_login" class="testCases.TC2_LoginTest"/>
      </group> <!-- master -->
    </groups>
    <test started-at="2025-02-01T02:07:27 IST" name="Test" finished-at="2025-02-01T02:07:39 IST" duration-ms="12087">
      <class name="testCases.TC2_LoginTest">
        <test-method is-config="true" signature="setup(java.lang.String,java.lang.String)[pri:0, instance:testCases.TC2_LoginTest@d3957fe]" started-at="2025-02-01T02:07:27 IST" name="setup" finished-at="2025-02-01T02:07:33 IST" duration-ms="5402" status="PASS">
          <params>
            <param index="0">
              <value>
                <![CDATA[windows]]>
              </value>
            </param>
            <param index="1">
              <value>
                <![CDATA[chrome]]>
              </value>
            </param>
          </params>
          <reporter-output>
          </reporter-output>
        </test-method> <!-- setup -->
        <test-method signature="verify_login()[pri:0, instance:testCases.TC2_LoginTest@d3957fe]" started-at="2025-02-01T02:07:33 IST" name="verify_login" finished-at="2025-02-01T02:07:39 IST" duration-ms="5860" status="PASS">
          <reporter-output>
          </reporter-output>
        </test-method> <!-- verify_login -->
        <test-method is-config="true" signature="tearDown()[pri:0, instance:testCases.TC2_LoginTest@d3957fe]" started-at="2025-02-01T02:07:39 IST" name="tearDown" finished-at="2025-02-01T02:07:39 IST" duration-ms="171" status="PASS">
          <reporter-output>
          </reporter-output>
        </test-method> <!-- tearDown -->
      </class> <!-- testCases.TC2_LoginTest -->
    </test> <!-- Test -->
  </suite> <!-- Master Suite -->
</testng-results>
